This is pdfTeX, Version 3.141592653-2.6-1.40.26 (MiKTeX 24.4) (preloaded format=pdflatex 2024.5.5)  5 MAY 2024 21:16
entering extended mode
 restricted \write18 enabled.
 file:line:error style messages enabled.
 %&-line parsing enabled.
**c:/Users/cblin/Documents/STAT240/review/latexsheet.tex
(c:/Users/cblin/Documents/STAT240/review/latexsheet.tex
LaTeX2e <2023-11-01> patch level 1
L3 programming layer <2024-03-14>
(C:\Users\cblin\AppData\Local\Programs\MiKTeX\tex/latex/base\article.cls
Document Class: article 2023/05/17 v1.4n Standard LaTeX document class
(C:\Users\cblin\AppData\Local\Programs\MiKTeX\tex/latex/base\size10.clo
File: size10.clo 2023/05/17 v1.4n Standard LaTeX file (size option)
)
\c@part=\count188
\c@section=\count189
\c@subsection=\count190
\c@subsubsection=\count191
\c@paragraph=\count192
\c@subparagraph=\count193
\c@figure=\count194
\c@table=\count195
\abovecaptionskip=\skip48
\belowcaptionskip=\skip49
\bibindent=\dimen140
) (C:\Users\cblin\AppData\Local\Programs\MiKTeX\tex/latex/tools\multicol.sty
Package: multicol 2023/03/30 v1.9f multicolumn formatting (FMi)
\c@tracingmulticols=\count196
\mult@box=\box51
\multicol@leftmargin=\dimen141
\c@unbalance=\count197
\c@collectmore=\count198
\doublecol@number=\count199
\multicoltolerance=\count266
\multicolpretolerance=\count267
\full@width=\dimen142
\page@free=\dimen143
\premulticols=\dimen144
\postmulticols=\dimen145
\multicolsep=\skip50
\multicolbaselineskip=\skip51
\partial@page=\box52
\last@line=\box53
\mc@boxedresult=\box54
\maxbalancingoverflow=\dimen146
\mult@rightbox=\box55
\mult@grightbox=\box56
\mult@firstbox=\box57
\mult@gfirstbox=\box58
\@tempa=\box59
\@tempa=\box60
\@tempa=\box61
\@tempa=\box62
\@tempa=\box63
\@tempa=\box64
\@tempa=\box65
\@tempa=\box66
\@tempa=\box67
\@tempa=\box68
\@tempa=\box69
\@tempa=\box70
\@tempa=\box71
\@tempa=\box72
\@tempa=\box73
\@tempa=\box74
\@tempa=\box75
\@tempa=\box76
\@tempa=\box77
\@tempa=\box78
\@tempa=\box79
\@tempa=\box80
\@tempa=\box81
\@tempa=\box82
\@tempa=\box83
\@tempa=\box84
\@tempa=\box85
\@tempa=\box86
\@tempa=\box87
\@tempa=\box88
\@tempa=\box89
\@tempa=\box90
\@tempa=\box91
\@tempa=\box92
\@tempa=\box93
\@tempa=\box94
\c@minrows=\count268
\c@columnbadness=\count269
\c@finalcolumnbadness=\count270
\last@try=\dimen147
\multicolovershoot=\dimen148
\multicolundershoot=\dimen149
\mult@nat@firstbox=\box95
\colbreak@box=\box96
\mc@col@check@num=\count271
) (C:\Users\cblin\AppData\Local\Programs\MiKTeX\tex/latex/tools\calc.sty
Package: calc 2023/07/08 v4.3 Infix arithmetic (KKT,FJ)
\calc@Acount=\count272
\calc@Bcount=\count273
\calc@Adimen=\dimen150
\calc@Bdimen=\dimen151
\calc@Askip=\skip52
\calc@Bskip=\skip53
LaTeX Info: Redefining \setlength on input line 80.
LaTeX Info: Redefining \addtolength on input line 81.
\calc@Ccount=\count274
\calc@Cskip=\skip54
) (C:\Users\cblin\AppData\Local\Programs\MiKTeX\tex/latex/base\ifthen.sty
Package: ifthen 2022/04/13 v1.1d Standard LaTeX ifthen package (DPC)
) (C:\Users\cblin\AppData\Local\Programs\MiKTeX\tex/latex/tools\array.sty
Package: array 2023/10/16 v2.5g Tabular extension package (FMi)
\col@sep=\dimen152
\ar@mcellbox=\box97
\extrarowheight=\dimen153
\NC@list=\toks17
\extratabsurround=\skip55
\backup@length=\skip56
\ar@cellbox=\box98
) (C:\Users\cblin\AppData\Local\Programs\MiKTeX\tex/latex/geometry\geometry.sty
Package: geometry 2020/01/02 v5.9 Page Geometry
 (C:\Users\cblin\AppData\Local\Programs\MiKTeX\tex/latex/graphics\keyval.sty
Package: keyval 2022/05/29 v1.15 key=value parser (DPC)
\KV@toks@=\toks18
) (C:\Users\cblin\AppData\Local\Programs\MiKTeX\tex/generic/iftex\ifvtex.sty
Package: ifvtex 2019/10/25 v1.7 ifvtex legacy package. Use iftex instead.
 (C:\Users\cblin\AppData\Local\Programs\MiKTeX\tex/generic/iftex\iftex.sty
Package: iftex 2022/02/03 v1.0f TeX engine tests
))
\Gm@cnth=\count275
\Gm@cntv=\count276
\c@Gm@tempcnt=\count277
\Gm@bindingoffset=\dimen154
\Gm@wd@mp=\dimen155
\Gm@odd@mp=\dimen156
\Gm@even@mp=\dimen157
\Gm@layoutwidth=\dimen158
\Gm@layoutheight=\dimen159
\Gm@layouthoffset=\dimen160
\Gm@layoutvoffset=\dimen161
\Gm@dimlist=\toks19
 (C:\Users\cblin\AppData\Local\Programs\MiKTeX\tex/latex/geometry\geometry.cfg)) (C:\Users\cblin\AppData\Local\Programs\MiKTeX\tex/latex/hyperref\hyperref.sty
Package: hyperref 2024-01-20 v7.01h Hypertext links for LaTeX
 (C:\Users\cblin\AppData\Local\Programs\MiKTeX\tex/latex/kvsetkeys\kvsetkeys.sty
Package: kvsetkeys 2022-10-05 v1.19 Key value parser (HO)
) (C:\Users\cblin\AppData\Local\Programs\MiKTeX\tex/generic/kvdefinekeys\kvdefinekeys.sty
Package: kvdefinekeys 2019-12-19 v1.6 Define keys (HO)
) (C:\Users\cblin\AppData\Local\Programs\MiKTeX\tex/generic/pdfescape\pdfescape.sty
Package: pdfescape 2019/12/09 v1.15 Implements pdfTeX's escape features (HO)
 (C:\Users\cblin\AppData\Local\Programs\MiKTeX\tex/generic/ltxcmds\ltxcmds.sty
Package: ltxcmds 2023-12-04 v1.26 LaTeX kernel commands for general use (HO)
) (C:\Users\cblin\AppData\Local\Programs\MiKTeX\tex/generic/pdftexcmds\pdftexcmds.sty
Package: pdftexcmds 2020-06-27 v0.33 Utility functions of pdfTeX for LuaTeX (HO)
 (C:\Users\cblin\AppData\Local\Programs\MiKTeX\tex/generic/infwarerr\infwarerr.sty
Package: infwarerr 2019/12/03 v1.5 Providing info/warning/error messages (HO)
)
Package pdftexcmds Info: \pdf@primitive is available.
Package pdftexcmds Info: \pdf@ifprimitive is available.
Package pdftexcmds Info: \pdfdraftmode found.
)) (C:\Users\cblin\AppData\Local\Programs\MiKTeX\tex/latex/hycolor\hycolor.sty
Package: hycolor 2020-01-27 v1.10 Color options for hyperref/bookmark (HO)
) (C:\Users\cblin\AppData\Local\Programs\MiKTeX\tex/latex/auxhook\auxhook.sty
Package: auxhook 2019-12-17 v1.6 Hooks for auxiliary files (HO)
) (C:\Users\cblin\AppData\Local\Programs\MiKTeX\tex/latex/hyperref\nameref.sty
Package: nameref 2023-11-26 v2.56 Cross-referencing by name of section
 (C:\Users\cblin\AppData\Local\Programs\MiKTeX\tex/latex/refcount\refcount.sty
Package: refcount 2019/12/15 v3.6 Data extraction from label references (HO)
) (C:\Users\cblin\AppData\Local\Programs\MiKTeX\tex/generic/gettitlestring\gettitlestring.sty
Package: gettitlestring 2019/12/15 v1.6 Cleanup title references (HO)
 (C:\Users\cblin\AppData\Local\Programs\MiKTeX\tex/latex/kvoptions\kvoptions.sty
Package: kvoptions 2022-06-15 v3.15 Key value format for package options (HO)
))
\c@section@level=\count278
) (C:\Users\cblin\AppData\Local\Programs\MiKTeX\tex/latex/etoolbox\etoolbox.sty
Package: etoolbox 2020/10/05 v2.5k e-TeX tools for LaTeX (JAW)
\etb@tempcnta=\count279
)
\@linkdim=\dimen162
\Hy@linkcounter=\count280
\Hy@pagecounter=\count281
 (C:\Users\cblin\AppData\Local\Programs\MiKTeX\tex/latex/hyperref\pd1enc.def
File: pd1enc.def 2024-01-20 v7.01h Hyperref: PDFDocEncoding definition (HO)
Now handling font encoding PD1 ...
... no UTF-8 mapping file for font encoding PD1
) (C:\Users\cblin\AppData\Local\Programs\MiKTeX\tex/generic/intcalc\intcalc.sty
Package: intcalc 2019/12/15 v1.3 Expandable calculations with integers (HO)
)
\Hy@SavedSpaceFactor=\count282
 (C:\Users\cblin\AppData\Local\Programs\MiKTeX\tex/latex/hyperref\puenc.def
File: puenc.def 2024-01-20 v7.01h Hyperref: PDF Unicode definition (HO)
Now handling font encoding PU ...
... no UTF-8 mapping file for font encoding PU
)
Package hyperref Info: Hyper figures OFF on input line 4179.
Package hyperref Info: Link nesting OFF on input line 4184.
Package hyperref Info: Hyper index ON on input line 4187.
Package hyperref Info: Plain pages OFF on input line 4194.
Package hyperref Info: Backreferencing OFF on input line 4199.
Package hyperref Info: Implicit mode ON; LaTeX internals redefined.
Package hyperref Info: Bookmarks ON on input line 4446.
\c@Hy@tempcnt=\count283
 (C:\Users\cblin\AppData\Local\Programs\MiKTeX\tex/latex/url\url.sty
\Urlmuskip=\muskip16
Package: url 2013/09/16  ver 3.4  Verb mode for urls, etc.
)
LaTeX Info: Redefining \url on input line 4784.
\XeTeXLinkMargin=\dimen163
 (C:\Users\cblin\AppData\Local\Programs\MiKTeX\tex/generic/bitset\bitset.sty
Package: bitset 2019/12/09 v1.3 Handle bit-vector datatype (HO)
 (C:\Users\cblin\AppData\Local\Programs\MiKTeX\tex/generic/bigintcalc\bigintcalc.sty
Package: bigintcalc 2019/12/15 v1.5 Expandable calculations on big integers (HO)
))
\Fld@menulength=\count284
\Field@Width=\dimen164
\Fld@charsize=\dimen165
Package hyperref Info: Hyper figures OFF on input line 6063.
Package hyperref Info: Link nesting OFF on input line 6068.
Package hyperref Info: Hyper index ON on input line 6071.
Package hyperref Info: backreferencing OFF on input line 6078.
Package hyperref Info: Link coloring OFF on input line 6083.
Package hyperref Info: Link coloring with OCG OFF on input line 6088.
Package hyperref Info: PDF/A mode OFF on input line 6093.
 (C:\Users\cblin\AppData\Local\Programs\MiKTeX\tex/latex/base\atbegshi-ltx.sty
Package: atbegshi-ltx 2021/01/10 v1.0c Emulation of the original atbegshi
package with kernel methods
)
\Hy@abspage=\count285
\c@Item=\count286
\c@Hfootnote=\count287
)
Package hyperref Info: Driver (autodetected): hpdftex.
 (C:\Users\cblin\AppData\Local\Programs\MiKTeX\tex/latex/hyperref\hpdftex.def
File: hpdftex.def 2024-01-20 v7.01h Hyperref driver for pdfTeX
 (C:\Users\cblin\AppData\Local\Programs\MiKTeX\tex/latex/base\atveryend-ltx.sty
Package: atveryend-ltx 2020/08/19 v1.0a Emulation of the original atveryend package
with kernel methods
)
\Fld@listcount=\count288
\c@bookmark@seq@number=\count289
 (C:\Users\cblin\AppData\Local\Programs\MiKTeX\tex/latex/rerunfilecheck\rerunfilecheck.sty
Package: rerunfilecheck 2022-07-10 v1.10 Rerun checks for auxiliary files (HO)
 (C:\Users\cblin\AppData\Local\Programs\MiKTeX\tex/generic/uniquecounter\uniquecounter.sty
Package: uniquecounter 2019/12/15 v1.4 Provide unlimited unique counter (HO)
)
Package uniquecounter Info: New unique counter `rerunfilecheck' on input line 285.
)
\Hy@SectionHShift=\skip57
) (C:\Users\cblin\AppData\Local\Programs\MiKTeX\tex/latex/fontsize\fontsize.sty
Package: fontsize 2021/08/04 v0.8.5 'fontsize' package. Set main font sizes (Ivan Valbusa)
 (C:\Users\cblin\AppData\Local\Programs\MiKTeX\tex/latex/xkeyval\xkeyval.sty
Package: xkeyval 2022/06/16 v2.9 package option processing (HA)
 (C:\Users\cblin\AppData\Local\Programs\MiKTeX\tex/generic/xkeyval\xkeyval.tex (C:\Users\cblin\AppData\Local\Programs\MiKTeX\tex/generic/xkeyval\xkvutils.tex
\XKV@toks=\toks20
\XKV@tempa@toks=\toks21
)
\XKV@depth=\count290
File: xkeyval.tex 2014/12/03 v2.7a key=value parser (HA)
)) (C:\Users\cblin\AppData\Local\Programs\MiKTeX\tex/latex/l3packages/xfp\xfp.sty (C:\Users\cblin\AppData\Local\Programs\MiKTeX\tex/latex/l3kernel\expl3.sty
Package: expl3 2024-03-14 L3 programming layer (loader) 
 (C:\Users\cblin\AppData\Local\Programs\MiKTeX\tex/latex/l3backend\l3backend-pdftex.def
File: l3backend-pdftex.def 2024-03-14 L3 backend support: PDF output (pdfTeX)
\l__color_backend_stack_int=\count291
\l__pdf_internal_box=\box99
))
Package: xfp 2024-03-14 L3 Floating point unit
)) (latexsheet.aux)
\openout1 = `latexsheet.aux'.

LaTeX Font Info:    Checking defaults for OML/cmm/m/it on input line 82.
LaTeX Font Info:    ... okay on input line 82.
LaTeX Font Info:    Checking defaults for OMS/cmsy/m/n on input line 82.
LaTeX Font Info:    ... okay on input line 82.
LaTeX Font Info:    Checking defaults for OT1/cmr/m/n on input line 82.
LaTeX Font Info:    ... okay on input line 82.
LaTeX Font Info:    Checking defaults for T1/cmr/m/n on input line 82.
LaTeX Font Info:    ... okay on input line 82.
LaTeX Font Info:    Checking defaults for TS1/cmr/m/n on input line 82.
LaTeX Font Info:    ... okay on input line 82.
LaTeX Font Info:    Checking defaults for OMX/cmex/m/n on input line 82.
LaTeX Font Info:    ... okay on input line 82.
LaTeX Font Info:    Checking defaults for U/cmr/m/n on input line 82.
LaTeX Font Info:    ... okay on input line 82.
LaTeX Font Info:    Checking defaults for PD1/pdf/m/n on input line 82.
LaTeX Font Info:    ... okay on input line 82.
LaTeX Font Info:    Checking defaults for PU/pdf/m/n on input line 82.
LaTeX Font Info:    ... okay on input line 82.

*geometry* driver: auto-detecting
*geometry* detected driver: pdftex
*geometry* verbose mode - [ preamble ] result:
* driver: pdftex
* paper: <default>
* layout: <same size as paper>
* layoutoffset:(h,v)=(0.0pt,0.0pt)
* modes: landscape 
* h-part:(L,W,R)=(36.135pt, 722.7pt, 36.135pt)
* v-part:(T,H,B)=(36.135pt, 542.02501pt, 36.135pt)
* \paperwidth=794.96999pt
* \paperheight=614.295pt
* \textwidth=722.7pt
* \textheight=542.02501pt
* \oddsidemargin=-36.135pt
* \evensidemargin=-36.135pt
* \topmargin=-73.135pt
* \headheight=12.0pt
* \headsep=25.0pt
* \topskip=10.0pt
* \footskip=30.0pt
* \marginparwidth=144.0pt
* \marginparsep=11.0pt
* \columnsep=10.0pt
* \skip\footins=5.39998pt plus 2.39973pt minus 1.20024pt
* \hoffset=0.0pt
* \voffset=0.0pt
* \mag=1000
* \@twocolumnfalse
* \@twosidefalse
* \@mparswitchfalse
* \@reversemarginfalse
* (1in=72.27pt=25.4mm, 1cm=28.453pt)

Package hyperref Info: Link coloring OFF on input line 82.
(latexsheet.out) (latexsheet.out)
\@outlinefile=\write3
\openout3 = `latexsheet.out'.

LaTeX Font Info:    Calculating math sizes for size <5.00006> on input line 98.


LaTeX Font Warning: Font shape `OT1/cmr/m/n' in size <3.50002> not available
(Font)              size <5> substituted on input line 98.


LaTeX Font Warning: Font shape `OT1/cmr/m/n' in size <2.50003> not available
(Font)              size <5> substituted on input line 98.


LaTeX Font Warning: Font shape `OML/cmm/m/it' in size <3.50002> not available
(Font)              size <5> substituted on input line 98.


LaTeX Font Warning: Font shape `OML/cmm/m/it' in size <2.50003> not available
(Font)              size <5> substituted on input line 98.


LaTeX Font Warning: Font shape `OMS/cmsy/m/n' in size <3.50002> not available
(Font)              size <5> substituted on input line 98.


LaTeX Font Warning: Font shape `OMS/cmsy/m/n' in size <2.50003> not available
(Font)              size <5> substituted on input line 98.

LaTeX Font Info:    External font `cmex10' loaded for size
(Font)              <5.00006> on input line 98.
LaTeX Font Info:    External font `cmex10' loaded for size
(Font)              <3.50002> on input line 98.
LaTeX Font Info:    External font `cmex10' loaded for size
(Font)              <2.50003> on input line 98.
\MyLen=\skip58

Overfull \hbox (39.68793pt too wide) in paragraph at lines 120--120
[]|[][]\OT1/cmtt/m/n/5 relocate(data, col, .before, .after)| 
 []


Overfull \hbox (7.81256pt too wide) in paragraph at lines 123--123
[]|[][]\OT1/cmtt/m/n/5 bind_rows(df1, df2, ...)| 
 []


Overfull \hbox (7.81256pt too wide) in paragraph at lines 124--124
[]|[][]\OT1/cmtt/m/n/5 bind_cols(df1, df2, ...)| 
 []


Overfull \hbox (21.54538pt too wide) in paragraph at lines 188--188
[]|[][]\OT1/cmtt/m/n/5 ymd(), dmy(), ...| 
 []


Overfull \hbox (5.6077pt too wide) in paragraph at lines 189--189
[]|[][]\OT1/cmtt/m/n/5 wdate(date)| 
 []


Overfull \hbox (32.1705pt too wide) in paragraph at lines 190--190
[]|[][]\OT1/cmtt/m/n/5 strc(str1, str2, ...)| 
 []


Overfull \hbox (40.13934pt too wide) in paragraph at lines 191--191
[]|[][]\OT1/cmtt/m/n/5 str_detect(str, pattern)| 
 []


Overfull \hbox (50.76447pt too wide) in paragraph at lines 192--192
[]|[][]\OT1/cmtt/m/n/5 str_extract(str, pat, group)| 
 []


Overfull \hbox (61.38959pt too wide) in paragraph at lines 193--193
[]|[][]\OT1/cmtt/m/n/5 str_extract_all(string, pattern)| 
 []


Overfull \hbox (48.10818pt too wide) in paragraph at lines 194--194
[]|[][]\OT1/cmtt/m/n/5 str_sub(string, start, end)| 
 []


Overfull \hbox (45.4519pt too wide) in paragraph at lines 195--195
[]|[][]\OT1/cmtt/m/n/5 str_count(string, pattern)| 
 []

LaTeX Font Info:    Trying to load font information for OMS+cmr on input line 233.
(C:\Users\cblin\AppData\Local\Programs\MiKTeX\tex/latex/base\omscmr.fd
File: omscmr.fd 2023/04/13 v2.5m Standard LaTeX font definitions
)
LaTeX Font Info:    Font shape `OMS/cmr/m/n' in size <5.00006> not available
(Font)              Font shape `OMS/cmsy/m/n' tried instead on input line 233.

Underfull \hbox (badness 10000) in paragraph at lines 297--299
[]|\OT1/cmr/m/n/5 Set a marker for cross-reference, of-ten of the form
 []


LaTeX Font Warning: Font shape `OT1/cmr/m/n' in size <3> not available
(Font)              size <5> substituted on input line 374.


LaTeX Font Warning: Font shape `OT1/cmr/m/n' in size <4.00003> not available
(Font)              size <5> substituted on input line 375.


LaTeX Font Warning: Font shape `OT1/cmr/m/n' in size <5.47504> not available
(Font)              size <5> substituted on input line 377.


LaTeX Font Warning: Font shape `OT1/cmr/m/n' in size <12.44403> not available
(Font)              size <12> substituted on input line 382.


LaTeX Font Warning: Font shape `OT1/cmr/m/n' in size <14.92804> not available
(Font)              size <14.4> substituted on input line 383.

LaTeX Font Info:    Trying to load font information for OML+cmr on input line 479.
(C:\Users\cblin\AppData\Local\Programs\MiKTeX\tex/latex/base\omlcmr.fd
File: omlcmr.fd 2023/04/13 v2.5m Standard LaTeX font definitions
)
LaTeX Font Info:    Font shape `OML/cmr/m/n' in size <5.00006> not available
(Font)              Font shape `OML/cmm/m/it' tried instead on input line 479.


LaTeX Font Warning: Font shape `OT1/cmtt/m/n' in size <3.50002> not available
(Font)              size <5> substituted on input line 519.


LaTeX Font Warning: Font shape `OT1/cmtt/m/n' in size <2.50003> not available
(Font)              size <5> substituted on input line 519.


Overfull \hbox (0.94911pt too wide) in paragraph at lines 521--521
[]|[][]\OT1/cmtt/m/n/5 \rule{$\OML/cmm/m/it/5 w$[]\OT1/cmtt/m/n/5 }{$\OML/cmm/m/it/5 h$[]\OT1/cmtt/m/n/5 }| 
 []

LaTeX Font Info:    Font shape `OT1/cmtt/bx/n' in size <6> not available
(Font)              Font shape `OT1/cmtt/m/n' tried instead on input line 528.

LaTeX Font Warning: Font shape `OT1/cmr/bx/n' in size <5.47504> not available
(Font)              size <5> substituted on input line 544.

LaTeX Font Info:    Font shape `OT1/cmtt/bx/n' in size <5.47504> not available
(Font)              Font shape `OT1/cmtt/m/n' tried instead on input line 544.

LaTeX Font Warning: Font shape `OT1/cmtt/m/n' in size <5.47504> not available
(Font)              size <5> substituted on input line 544.


Overfull \hbox (39.37521pt too wide) in paragraph at lines 564--565
[]|[][]\OT1/cmtt/m/n/5 \multicolumn{[]\OT1/cmr/m/it/5 n[][]\OT1/cmtt/m/n/5 }{[]\OT1/cmr/m/it/5 cols[][]\OT1/cmtt/m/n/5 }{[]\OT1/cmr/m/it/5 text[][]\OT1/cmtt/m/n/5 }| 
 []

[1

{C:/Users/cblin/AppData/Local/MiKTeX/fonts/map/pdftex/pdftex.map}]

Package hyperref Warning: Token not allowed in a PDF string (Unicode):
(hyperref)                \kern -0.3403pt
(hyperref)                removed on input line 698.


Package hyperref Warning: Token not allowed in a PDF string (Unicode):
(hyperref)                \kern -0.17009pt
(hyperref)                removed on input line 698.


Package hyperref Warning: Token not allowed in a PDF string (Unicode):
(hyperref)                \kern -0.54446pt
(hyperref)                removed on input line 698.


Package hyperref Warning: Token not allowed in a PDF string (Unicode):
(hyperref)                \kern -1.1345pt
(hyperref)                removed on input line 698.


Package hyperref Warning: Token not allowed in a PDF string (Unicode):
(hyperref)                removing `\lower' on input line 698.


Package hyperref Warning: Token not allowed in a PDF string (Unicode):
(hyperref)                removing `\hbox' on input line 698.


Package hyperref Warning: Token not allowed in a PDF string (Unicode):
(hyperref)                \kern -0.8507pt
(hyperref)                removed on input line 698.


Package hyperref Warning: Token not allowed in a PDF string (Unicode):
(hyperref)                \kern -0.3403pt
(hyperref)                removed on input line 716.


Package hyperref Warning: Token not allowed in a PDF string (Unicode):
(hyperref)                \kern -0.17009pt
(hyperref)                removed on input line 716.


Package hyperref Warning: Token not allowed in a PDF string (Unicode):
(hyperref)                \kern -0.54446pt
(hyperref)                removed on input line 716.


Package hyperref Warning: Token not allowed in a PDF string (Unicode):
(hyperref)                \kern -1.1345pt
(hyperref)                removed on input line 716.


Package hyperref Warning: Token not allowed in a PDF string (Unicode):
(hyperref)                removing `\lower' on input line 716.


Package hyperref Warning: Token not allowed in a PDF string (Unicode):
(hyperref)                removing `\hbox' on input line 716.


Package hyperref Warning: Token not allowed in a PDF string (Unicode):
(hyperref)                \kern -0.8507pt
(hyperref)                removed on input line 716.


Package hyperref Warning: Token not allowed in a PDF string (Unicode):
(hyperref)                \kern -0.3403pt
(hyperref)                removed on input line 744.


Package hyperref Warning: Token not allowed in a PDF string (Unicode):
(hyperref)                \kern -0.17009pt
(hyperref)                removed on input line 744.


Package hyperref Warning: Token not allowed in a PDF string (Unicode):
(hyperref)                \kern -0.54446pt
(hyperref)                removed on input line 744.


Package hyperref Warning: Token not allowed in a PDF string (Unicode):
(hyperref)                \kern -1.1345pt
(hyperref)                removed on input line 744.


Package hyperref Warning: Token not allowed in a PDF string (Unicode):
(hyperref)                removing `\lower' on input line 744.


Package hyperref Warning: Token not allowed in a PDF string (Unicode):
(hyperref)                removing `\hbox' on input line 744.


Package hyperref Warning: Token not allowed in a PDF string (Unicode):
(hyperref)                \kern -0.8507pt
(hyperref)                removed on input line 744.


Package hyperref Warning: Token not allowed in a PDF string (Unicode):
(hyperref)                \kern -0.3403pt
(hyperref)                removed on input line 762.


Package hyperref Warning: Token not allowed in a PDF string (Unicode):
(hyperref)                \kern -0.17009pt
(hyperref)                removed on input line 762.


Package hyperref Warning: Token not allowed in a PDF string (Unicode):
(hyperref)                \kern -0.54446pt
(hyperref)                removed on input line 762.


Package hyperref Warning: Token not allowed in a PDF string (Unicode):
(hyperref)                \kern -1.1345pt
(hyperref)                removed on input line 762.


Package hyperref Warning: Token not allowed in a PDF string (Unicode):
(hyperref)                removing `\lower' on input line 762.


Package hyperref Warning: Token not allowed in a PDF string (Unicode):
(hyperref)                removing `\hbox' on input line 762.


Package hyperref Warning: Token not allowed in a PDF string (Unicode):
(hyperref)                \kern -0.8507pt
(hyperref)                removed on input line 762.

LaTeX Font Info:    Calculating math sizes for size <7.19998> on input line 778.

LaTeX Font Warning: Font shape `OT1/cmr/m/n' in size <3.59999> not available
(Font)              size <5> substituted on input line 778.


LaTeX Font Warning: Font shape `OML/cmm/m/it' in size <3.59999> not available
(Font)              size <5> substituted on input line 778.


LaTeX Font Warning: Font shape `OMS/cmsy/m/n' in size <3.59999> not available
(Font)              size <5> substituted on input line 778.

LaTeX Font Info:    External font `cmex10' loaded for size
(Font)              <7.19998> on input line 778.
LaTeX Font Info:    External font `cmex10' loaded for size
(Font)              <5.03996> on input line 778.
LaTeX Font Info:    External font `cmex10' loaded for size
(Font)              <3.59999> on input line 778.

LaTeX Font Warning: Font shape `OT1/cmtt/m/n' in size <3.59999> not available
(Font)              size <5> substituted on input line 778.


LaTeX Font Warning: Font shape `TS1/cmr/m/n' in size <4.00003> not available
(Font)              size <5> substituted on input line 815.

[2] (latexsheet.aux)
 ***********
LaTeX2e <2023-11-01> patch level 1
L3 programming layer <2024-03-14>
 ***********


LaTeX Font Warning: Size substitutions with differences
(Font)              up to 2.49997pt have occurred.

Package rerunfilecheck Info: File `latexsheet.out' has not changed.
(rerunfilecheck)             Checksum: F4E59C103A26257E4E80D3066FB78FFE;4903.
 ) 
Here is how much of TeX's memory you used:
 8872 strings out of 474424
 140348 string characters out of 5741740
 2076496 words of memory out of 5000000
 31094 multiletter control sequences out of 15000+600000
 562642 words of font info for 52 fonts, out of 8000000 for 9000
 1141 hyphenation exceptions out of 8191
 79i,14n,93p,311b,622s stack positions out of 10000i,1000n,20000p,200000b,200000s
 <C:\Users\cblin\AppData\Local\MiKTeX\fonts/pk/ljfour/jknappen/ec/dpi600\tcrm0500.pk><C:/Users/cblin/AppData/Local/Programs/MiKTeX/fonts/type1/public/amsfonts/cm/cmbx5.pfb><C:/Users/cblin/AppData/Local/Programs/MiKTeX/fonts/type1/public/amsfonts/cm/cmbx6.pfb><C:/Users/cblin/AppData/Local/Programs/MiKTeX/fonts/type1/public/amsfonts/cm/cmbx7.pfb><C:/Users/cblin/AppData/Local/Programs/MiKTeX/fonts/type1/public/amsfonts/cm/cmcsc10.pfb><C:/Users/cblin/AppData/Local/Programs/MiKTeX/fonts/type1/public/amsfonts/cm/cmex10.pfb><C:/Users/cblin/AppData/Local/Programs/MiKTeX/fonts/type1/public/amsfonts/cm/cmmi5.pfb><C:/Users/cblin/AppData/Local/Programs/MiKTeX/fonts/type1/public/amsfonts/cm/cmr10.pfb><C:/Users/cblin/AppData/Local/Programs/MiKTeX/fonts/type1/public/amsfonts/cm/cmr12.pfb><C:/Users/cblin/AppData/Local/Programs/MiKTeX/fonts/type1/public/amsfonts/cm/cmr5.pfb><C:/Users/cblin/AppData/Local/Programs/MiKTeX/fonts/type1/public/amsfonts/cm/cmr6.pfb><C:/Users/cblin/AppData/Local/Programs/MiKTeX/fonts/type1/public/amsfonts/cm/cmr7.pfb><C:/Users/cblin/AppData/Local/Programs/MiKTeX/fonts/type1/public/amsfonts/cm/cmr9.pfb><C:/Users/cblin/AppData/Local/Programs/MiKTeX/fonts/type1/public/amsfonts/cm/cmsl8.pfb><C:/Users/cblin/AppData/Local/Programs/MiKTeX/fonts/type1/public/amsfonts/cm/cmss8.pfb><C:/Users/cblin/AppData/Local/Programs/MiKTeX/fonts/type1/public/amsfonts/cm/cmsy5.pfb><C:/Users/cblin/AppData/Local/Programs/MiKTeX/fonts/type1/public/amsfonts/cm/cmti7.pfb><C:/Users/cblin/AppData/Local/Programs/MiKTeX/fonts/type1/public/amsfonts/cm/cmtt8.pfb>
Output written on latexsheet.pdf (2 pages, 262099 bytes).
PDF statistics:
 268 PDF objects out of 1000 (max. 8388607)
 40 named destinations out of 1000 (max. 500000)
 297 words of extra memory for PDF output out of 10000 (max. 10000000)

